2026-04-14 09:05:49,512 - INFO - Starting daily learning cycle.
2026-04-14 09:05:57,366 - INFO - Git push successful.
2026-04-14 09:06:00,472 - INFO - Email sent successfully.
2026-04-14 09:06:00,473 - INFO - Cycle complete.
2026-04-14 09:22:25,016 - INFO - Starting daily learning cycle.
2026-04-14 09:22:34,876 - INFO - Git push successful.
2026-04-14 09:22:36,843 - ERROR - Failed to send email: (535, b'5.7.8 Username and Password not accepted. For more information, go to\n5.7.8  https://support.google.com/mail/?p=BadCredentials 5b1f17b1804b1-488d684b55fsm118800305e9.26 - gsmtp')
2026-04-14 09:22:36,844 - INFO - Cycle complete.
2026-04-14 09:45:37,435 - INFO - Starting daily learning cycle.
2026-04-14 09:45:45,924 - INFO - Git push successful.
2026-04-14 09:45:50,477 - INFO - Email sent successfully.
2026-04-14 09:45:50,478 - INFO - Cycle complete.
2026-04-14 09:49:03,581 - INFO - Starting daily learning cycle.
2026-04-14 09:49:12,220 - INFO - Git push successful.
2026-04-14 09:49:15,021 - INFO - Email sent successfully.
2026-04-14 09:49:15,022 - INFO - Cycle complete.
2026-04-14 09:50:01,461 - INFO - Starting daily learning cycle.
2026-04-14 09:50:21,121 - INFO - Git push successful.
2026-04-14 09:50:24,497 - INFO - Email sent successfully.
2026-04-14 09:50:24,499 - INFO - Cycle complete.
2026-04-14 09:51:01,347 - INFO - Starting daily learning cycle.
2026-04-14 09:51:10,026 - INFO - Git push successful.
2026-04-14 09:51:13,657 - INFO - Email sent successfully.
2026-04-14 09:51:13,659 - INFO - Cycle complete.
2026-04-14 09:52:01,238 - INFO - Starting daily learning cycle.
2026-04-14 09:52:09,726 - INFO - Git push successful.
2026-04-14 09:52:12,184 - INFO - Email sent successfully.
2026-04-14 09:52:12,186 - INFO - Cycle complete.
2026-04-14 09:53:01,281 - INFO - Starting daily learning cycle.
2026-04-14 09:53:11,377 - INFO - Git push successful.
2026-04-14 09:53:14,032 - INFO - Email sent successfully.
2026-04-14 09:53:14,035 - INFO - Cycle complete.
2026-04-14 09:54:01,357 - INFO - Starting daily learning cycle.
2026-04-14 09:54:09,740 - INFO - Git push successful.
2026-04-14 09:54:12,125 - INFO - Email sent successfully.
2026-04-14 09:54:12,128 - INFO - Cycle complete.
2026-04-14 09:55:01,513 - INFO - Starting daily learning cycle.
2026-04-14 09:55:10,799 - INFO - Git push successful.
2026-04-14 09:55:13,227 - INFO - Email sent successfully.
2026-04-14 09:55:13,230 - INFO - Cycle complete.
